2026-02-11 23:02:13,908 INFO    MainThread:5196 [wandb_setup.py:_flush():81] Current SDK version is 0.24.2
2026-02-11 23:02:13,909 INFO    MainThread:5196 [wandb_setup.py:_flush():81] Configure stats pid to 5196
2026-02-11 23:02:13,909 INFO    MainThread:5196 [wandb_setup.py:_flush():81] Loading settings from environment variables
2026-02-11 23:02:13,909 INFO    MainThread:5196 [wandb_init.py:setup_run_log_directory():717] Logging user logs to F:\maharshi_industries\wandb\run-20260211_230213-h7ff0sur\logs\debug.log
2026-02-11 23:02:13,909 INFO    MainThread:5196 [wandb_init.py:setup_run_log_directory():718] Logging internal logs to F:\maharshi_industries\wandb\run-20260211_230213-h7ff0sur\logs\debug-internal.log
2026-02-11 23:02:13,909 INFO    MainThread:5196 [wandb_init.py:init():844] calling init triggers
2026-02-11 23:02:13,909 INFO    MainThread:5196 [wandb_init.py:init():849] wandb.init called with sweep_config: {}
config: {'epochs': 10, 'batch_size': 1, 'lr': 0.002, '_wandb': {}}
2026-02-11 23:02:13,909 INFO    MainThread:5196 [wandb_init.py:init():892] starting backend
2026-02-11 23:02:16,175 INFO    MainThread:5196 [wandb_init.py:init():895] sending inform_init request
2026-02-11 23:02:16,216 INFO    MainThread:5196 [wandb_init.py:init():903] backend started and connected
2026-02-11 23:02:16,242 INFO    MainThread:5196 [wandb_init.py:init():973] updated telemetry
2026-02-11 23:02:16,245 INFO    MainThread:5196 [wandb_init.py:init():997] communicating run to backend with 90.0 second timeout
2026-02-11 23:02:18,615 INFO    MainThread:5196 [wandb_init.py:init():1042] starting run threads in backend
2026-02-11 23:02:18,671 INFO    MainThread:5196 [wandb_run.py:_console_start():2529] atexit reg
2026-02-11 23:02:18,671 INFO    MainThread:5196 [wandb_run.py:_redirect():2377] redirect: wrap_raw
2026-02-11 23:02:18,671 INFO    MainThread:5196 [wandb_run.py:_redirect():2446] Wrapping output streams.
2026-02-11 23:02:18,671 INFO    MainThread:5196 [wandb_run.py:_redirect():2469] Redirects installed.
2026-02-11 23:02:18,676 INFO    MainThread:5196 [wandb_init.py:init():1082] run started, returning control to user process
2026-02-12 00:07:50,542 INFO    MainThread:5196 [wandb_run.py:_finish():2295] finishing run tithidangarwala-pandit-deendayal-energy-university/human-animal-detection/h7ff0sur
2026-02-12 00:07:50,543 INFO    MainThread:5196 [wandb_run.py:_atexit_cleanup():2494] got exitcode: 0
2026-02-12 00:07:50,544 INFO    MainThread:5196 [wandb_run.py:_restore():2476] restore
2026-02-12 00:07:50,545 INFO    MainThread:5196 [wandb_run.py:_restore():2482] restore done
2026-02-12 00:07:53,271 INFO    MainThread:5196 [wandb_run.py:_footer_sync_info():3871] logging synced files
